Building DAG of jobs...
Using shell: /usr/bin/bash
Provided cores: 8
Rules claiming more threads will be scaled down.
Job counts:
	count	jobs
	1	create_genome_list
	1

[Wed Dec  7 12:38:56 2022]
checkpoint create_genome_list:
    output: database
    jobid: 0
Downstream jobs will be updated after completion.


        mkdir database;
        
        esearch -db assembly -query '"Calotelea sp. ZL-2020"[Organism]'                 | esummary                 | xtract -pattern DocumentSummary -element FtpPath_GenBank                 | while read -r line ; 
                do
                    fname=$(echo $line | grep -o 'GCA_.*' | sed 's/$/_genomic.fna.gz/') ;
                    echo "$line/$fname" > database/$fname.temp;
                done

        
[Wed Dec  7 12:38:58 2022]
Finished job 0.
1 of 1 steps (100%) done
Complete log: /home/kilar/Desktop/GERONIMO/test/test/.snakemake/log/2022-12-07T123856.031948.snakemake.log
