Building DAG of jobs...
Using shell: /usr/bin/bash
Provided cores: 8
Rules claiming more threads will be scaled down.
Job counts:
	count	jobs
	1	copy_files
	1	create_genome_list
	1	list_all_files
	3

[Wed Dec  7 12:46:20 2022]
checkpoint create_genome_list:
    output: database_temp
    jobid: 1
Downstream jobs will be updated after completion.


        mkdir database_temp;
        
        esearch -db assembly -query '"Aphidius"[Organism] AND (latest[filter] AND ("chromosome level"[filter] OR "complete genome"[filter]) AND "representative genome"[filter] AND (all[filter] NOT anomalous[filter] AND all[filter] NOT partial[filter]))'                 | esummary                 | xtract -pattern DocumentSummary -element FtpPath_GenBank                 | while read -r line ; 
                do
                    fname=$(echo $line | grep -o 'GCA_.*' | sed 's/$/_genomic.fna.gz/') ;
                    echo "$line/$fname" > database_temp/$fname.temp;
                done

        
Updating job 2 (copy_files).
Updating job 0 (list_all_files).
[Wed Dec  7 12:46:22 2022]
Finished job 1.
1 of 3 steps (33%) done

[Wed Dec  7 12:46:22 2022]
rule copy_files:
    input: database_temp/GCA_014905175.1_ASM1490517v1_genomic.fna.gz.temp
    output: database_unzipped/None.tsv
    jobid: 4
    wildcards: GENOME=None


        touch database_unzipped/None.tsv
        
[Wed Dec  7 12:46:22 2022]
Finished job 4.
2 of 3 steps (67%) done

[Wed Dec  7 12:46:22 2022]
rule list_all_files:
    input: database_temp/GCA_014905175.1_ASM1490517v1_genomic.fna.gz.temp, database_unzipped/None.tsv
    output: list_of_files.txt
    jobid: 3


        echo database_temp/GCA_014905175.1_ASM1490517v1_genomic.fna.gz.temp database_unzipped/None.tsv > list_of_files.txt
        
[Wed Dec  7 12:46:22 2022]
Finished job 3.
3 of 3 steps (100%) done
Complete log: /home/kilar/Desktop/GERONIMO/test/test/.snakemake/log/2022-12-07T124620.015070.snakemake.log
