Building DAG of jobs...
Using shell: /usr/bin/bash
Provided cores: 8
Rules claiming more threads will be scaled down.
Job counts:
	count	jobs
	1	copy_files
	1	create_genome_list
	1	list_all_files
	3

[Wed Dec  7 12:32:20 2022]
checkpoint create_genome_list:
    output: database
    jobid: 1
Downstream jobs will be updated after completion.


        mkdir database;
        for D in $(seq 1 5); do
            touch database/$RANDOM.temp
        done
        
Updating job 2 (copy_files).
Updating job 0 (list_all_files).
[Wed Dec  7 12:32:20 2022]
Finished job 1.
1 of 3 steps (33%) done

[Wed Dec  7 12:32:20 2022]
rule copy_files:
    input: database/31861.temp, database/10158.temp, database/4382.temp, database/31572.temp, database/88.temp
    output: database_unzipped/None.tsv
    jobid: 4
    wildcards: GENOME=None


        touch database_unzipped/None.tsv
        
[Wed Dec  7 12:32:20 2022]
Finished job 4.
2 of 3 steps (67%) done

[Wed Dec  7 12:32:20 2022]
rule list_all_files:
    input: database/31861.temp, database/10158.temp, database/4382.temp, database/31572.temp, database/88.temp, database_unzipped/None.tsv
    output: list_of_files.txt
    jobid: 3


        echo database/31861.temp database/10158.temp database/4382.temp database/31572.temp database/88.temp database_unzipped/None.tsv > list_of_files.txt
        
[Wed Dec  7 12:32:20 2022]
Finished job 3.
3 of 3 steps (100%) done
Complete log: /home/kilar/Desktop/GERONIMO/test/test/.snakemake/log/2022-12-07T123220.657830.snakemake.log
