Building DAG of jobs...
Using shell: /usr/bin/bash
Provided cores: 8
Rules claiming more threads will be scaled down.
Job counts:
	count	jobs
	1	copy_files
	1	create_genome_list
	1	list_all_files
	3

[Wed Dec  7 13:15:52 2022]
checkpoint create_genome_list:
    output: database_temp
    jobid: 1
Downstream jobs will be updated after completion.


        mkdir database_temp;
        
        esearch -db assembly -query '("Apis"[Organism] OR Apis[All Fields]) AND (latest[filter] AND "representative genome"[filter] AND all[filter] NOT anomalous[filter])'                 | esummary                 | xtract -pattern DocumentSummary -element FtpPath_GenBank                 | while read -r line ; 
                do
                    fname=$(echo $line | grep -o 'GCA_.*' | sed 's/$/_genomic.fna.gz/');
                    wildcard=$(echo $fname | sed -e 's!.fna.gz!!'));

                    echo "$line/$fname" > database_temp/$wildcard.temp;
                done

        
[Wed Dec  7 13:15:52 2022]
Error in rule create_genome_list:
    jobid: 1
    output: database_temp
    shell:
        
        mkdir database_temp;
        
        esearch -db assembly -query '("Apis"[Organism] OR Apis[All Fields]) AND (latest[filter] AND "representative genome"[filter] AND all[filter] NOT anomalous[filter])'                 | esummary                 | xtract -pattern DocumentSummary -element FtpPath_GenBank                 | while read -r line ; 
                do
                    fname=$(echo $line | grep -o 'GCA_.*' | sed 's/$/_genomic.fna.gz/');
                    wildcard=$(echo $fname | sed -e 's!.fna.gz!!'));

                    echo "$line/$fname" > database_temp/$wildcard.temp;
                done

        
        (one of the commands exited with non-zero exit code; note that snakemake uses bash strict mode!)

Removing output files of failed job create_genome_list since they might be corrupted:
database_temp
Shutting down, this might take some time.
Exiting because a job execution failed. Look above for error message
Complete log: /home/kilar/Desktop/GERONIMO/test/test/.snakemake/log/2022-12-07T131552.365146.snakemake.log
