Building DAG of jobs...
Updating job 2 (copy_files).
Updating job 0 (list_all_files).
Using shell: /usr/bin/bash
Provided cores: 8
Rules claiming more threads will be scaled down.
Job counts:
	count	jobs
	1	copy_files
	1	list_all_files
	2

[Wed Dec  7 12:23:08 2022]
rule copy_files:
    input: first_directory/4084.txt, first_directory/21261.txt, first_directory/9983.txt, first_directory/13392.txt, first_directory/25579.txt, first_directory/14005.txt, first_directory/25260.txt, first_directory/32141.txt, first_directory/11201.txt, first_directory/8676.txt
    output: second_directory/None.tsv
    jobid: 4
    wildcards: SAMPLE=None


        touch second_directory/None.tsv
        
[Wed Dec  7 12:23:08 2022]
Finished job 4.
1 of 2 steps (50%) done

[Wed Dec  7 12:23:08 2022]
rule list_all_files:
    input: first_directory/4084.txt, first_directory/21261.txt, first_directory/9983.txt, first_directory/13392.txt, first_directory/25579.txt, first_directory/14005.txt, first_directory/25260.txt, first_directory/32141.txt, first_directory/11201.txt, first_directory/8676.txt, second_directory/None.tsv
    output: list_of_files.txt
    jobid: 3


        echo first_directory/4084.txt first_directory/21261.txt first_directory/9983.txt first_directory/13392.txt first_directory/25579.txt first_directory/14005.txt first_directory/25260.txt first_directory/32141.txt first_directory/11201.txt first_directory/8676.txt second_directory/None.tsv > list_of_files.txt
        
[Wed Dec  7 12:23:08 2022]
Finished job 3.
2 of 2 steps (100%) done
Complete log: /home/kilar/Desktop/GERONIMO/test/test/.snakemake/log/2022-12-07T122308.460876.snakemake.log
